This file contains any messages produced by compilers while
running configure, to aid debugging if configure makes a mistake.

It was created by emacs-zmq configure 0.1, which was
generated by GNU Autoconf 2.69.  Invocation command line was

  $ ./configure PKG_CONFIG_PATH=/Users/phoenix.logan/.emacs.d/elpa/zmq-20190408.1552/libzmq/build//v4.3.1/pkgconfig: --host= --libdir=/Users/phoenix.logan/.emacs.d/elpa/zmq-20190408.1552

## --------- ##
## Platform. ##
## --------- ##

hostname = logan-mbp.local
uname -m = x86_64
uname -r = 18.2.0
uname -s = Darwin
uname -v = Darwin Kernel Version 18.2.0: Thu Dec 20 20:46:53 PST 2018; root:xnu-4903.241.1~1/RELEASE_X86_64

/usr/bin/uname -p = i386
/bin/uname -X     = unknown

/bin/arch              = unknown
/usr/bin/arch -k       = unknown
/usr/convex/getsysinfo = unknown
/usr/bin/hostinfo      = Mach kernel version:
	 Darwin Kernel Version 18.2.0: Thu Dec 20 20:46:53 PST 2018; root:xnu-4903.241.1~1/RELEASE_X86_64
Kernel configured for up to 8 processors.
4 processors are physically available.
8 processors are logically available.
Processor type: x86_64h (Intel x86-64h Haswell)
Processors active: 0 1 2 3 4 5 6 7
Primary memory available: 16.00 gigabytes
Default processor set: 429 tasks, 2285 threads, 8 processors
Load average: 3.11, Mach factor: 4.87
/bin/machine           = unknown
/usr/bin/oslevel       = unknown
/bin/universe          = unknown

PATH: /Users/phoenix.logan/.rvm/gems/ruby-2.4.2/bin
PATH: /Users/phoenix.logan/.rvm/gems/ruby-2.4.2@global/bin
PATH: /Users/phoenix.logan/.rvm/rubies/ruby-2.4.2/bin
PATH: /Users/phoenix.logan/anaconda3/bin
PATH: ~/.local/bin/
PATH: /Library/Frameworks/Python.framework/Versions/3.6/bin
PATH: /Library/Frameworks/Python.framework/Versions/3.7/bin
PATH: /usr/local/bin
PATH: /usr/bin
PATH: /bin
PATH: /usr/sbin
PATH: /sbin
PATH: /opt/X11/bin
PATH: /Applications/Emacs.app/Contents/MacOS/bin-x86_64-10_10
PATH: /Applications/Emacs.app/Contents/MacOS/libexec-x86_64-10_10
PATH: /Users/phoenix.logan/.rvm/bin


## ----------- ##
## Core tests. ##
## ----------- ##

configure:2188: checking for a BSD-compatible install
configure:2256: result: /Users/phoenix.logan/anaconda3/bin/install -c
configure:2267: checking whether build environment is sane
configure:2322: result: yes
configure:2473: checking for a thread-safe mkdir -p
configure:2512: result: /Users/phoenix.logan/anaconda3/bin/mkdir -p
configure:2519: checking for gawk
configure:2549: result: no
configure:2519: checking for mawk
configure:2549: result: no
configure:2519: checking for nawk
configure:2549: result: no
configure:2519: checking for awk
configure:2535: found /usr/bin/awk
configure:2546: result: awk
configure:2557: checking whether make sets $(MAKE)
configure:2579: result: yes
configure:2608: checking whether make supports nested variables
configure:2625: result: yes
configure:2800: checking for gcc
configure:2816: found /usr/bin/gcc
configure:2827: result: gcc
configure:3056: checking for C compiler version
configure:3065: gcc --version >&5
Apple LLVM version 10.0.1 (clang-1001.0.46.4)
Target: x86_64-apple-darwin18.2.0
Thread model: posix
InstalledDir: /Library/Developer/CommandLineTools/usr/bin
Configured with: --prefix=/Library/Developer/CommandLineTools/usr --with-gxx-include-dir=/Library/Developer/CommandLineTools/SDKs/MacOSX10.14.sdk/usr/include/c++/4.2.1
configure:3076: $? = 0
configure:3065: gcc -v >&5
Configured with: --prefix=/Library/Developer/CommandLineTools/usr --with-gxx-include-dir=/Library/Developer/CommandLineTools/SDKs/MacOSX10.14.sdk/usr/include/c++/4.2.1
Apple LLVM version 10.0.1 (clang-1001.0.46.4)
Target: x86_64-apple-darwin18.2.0
Thread model: posix
InstalledDir: /Library/Developer/CommandLineTools/usr/bin
configure:3076: $? = 0
configure:3065: gcc -V >&5
clang: error: unsupported option '-V -Wno-atomic-implicit-seq-cst'
clang: error: no input files
configure:3076: $? = 1
configure:3065: gcc -qversion >&5
clang: error: unknown argument '-qversion', did you mean '--version'?
clang: error: no input files
configure:3076: $? = 1
configure:3096: checking whether the C compiler works
configure:3118: gcc    conftest.c  >&5
configure:3122: $? = 0
configure:3170: result: yes
configure:3173: checking for C compiler default output file name
configure:3175: result: a.out
configure:3181: checking for suffix of executables
configure:3188: gcc -o conftest    conftest.c  >&5
configure:3192: $? = 0
configure:3214: result: 
configure:3236: checking whether we are cross compiling
configure:3244: gcc -o conftest    conftest.c  >&5
configure:3248: $? = 0
configure:3255: ./conftest
configure:3259: $? = 0
configure:3274: result: no
configure:3279: checking for suffix of object files
configure:3301: gcc -c   conftest.c >&5
configure:3305: $? = 0
configure:3326: result: o
configure:3330: checking whether we are using the GNU C compiler
configure:3349: gcc -c   conftest.c >&5
configure:3349: $? = 0
configure:3358: result: yes
configure:3367: checking whether gcc accepts -g
configure:3387: gcc -c -g  conftest.c >&5
configure:3387: $? = 0
configure:3428: result: yes
configure:3445: checking for gcc option to accept ISO C89
configure:3508: gcc  -c -g -O2  conftest.c >&5
configure:3508: $? = 0
configure:3521: result: none needed
configure:3546: checking whether gcc understands -c and -o together
configure:3568: gcc -c conftest.c -o conftest2.o
configure:3571: $? = 0
configure:3568: gcc -c conftest.c -o conftest2.o
configure:3571: $? = 0
configure:3583: result: yes
configure:3611: checking for style of include used by make
configure:3639: result: GNU
configure:3665: checking dependency style of gcc
configure:3776: result: gcc3
configure:3841: checking for ar
configure:3857: found /usr/bin/ar
configure:3868: result: ar
configure:3894: checking the archiver (ar) interface
configure:3910: gcc -c -g -O2  conftest.c >&5
configure:3910: $? = 0
configure:3912: ar cru libconftest.a conftest.o >&5
configure:3915: $? = 0
configure:3943: result: ar
configure:4018: checking for pkg-config
configure:4036: found /usr/local/bin/pkg-config
configure:4048: result: /usr/local/bin/pkg-config
configure:4073: checking pkg-config is at least version 0.9.0
configure:4076: result: yes
configure:4086: checking for libzmq
configure:4093: $PKG_CONFIG --exists --print-errors "libzmq"
configure:4096: $? = 0
configure:4110: $PKG_CONFIG --exists --print-errors "libzmq"
configure:4113: $? = 0
configure:4171: result: yes
configure:4178: Verifying libzmq
configure:4180: ZMQ_CFLAGS="-DZMQ_BUILD_DRAFT_API=1 -I/Users/phoenix.logan/.emacs.d/elpa/zmq-20190408.1552/libzmq/build//v4.3.1/include"
configure:4182: ZMQ_LIBS="-L/Users/phoenix.logan/.emacs.d/elpa/zmq-20190408.1552/libzmq/build//v4.3.1/lib -lzmq"
configure:4185: checking for library containing zmq_poller_new
configure:4216: gcc -o conftest -DZMQ_BUILD_DRAFT_API=1 -I/Users/phoenix.logan/.emacs.d/elpa/zmq-20190408.1552/libzmq/build//v4.3.1/include -g -O2  -L/Users/phoenix.logan/.emacs.d/elpa/zmq-20190408.1552/libzmq/build//v4.3.1/lib -lzmq  conftest.c  >&5
configure:4216: $? = 0
configure:4233: result: none required
configure:4250: checking build system type
configure:4264: result: x86_64-apple-darwin18.2.0
configure:4284: checking host system type
configure:4297: result: x86_64-apple-darwin18.2.0
configure:4369: checking how to print strings
configure:4396: result: printf
configure:4417: checking for a sed that does not truncate output
configure:4481: result: /usr/bin/sed
configure:4499: checking for grep that handles long lines and -e
configure:4557: result: /usr/bin/grep
configure:4562: checking for egrep
configure:4624: result: /usr/bin/grep -E
configure:4629: checking for fgrep
configure:4691: result: /usr/bin/grep -F
configure:4726: checking for ld used by gcc
configure:4793: result: /Library/Developer/CommandLineTools/usr/bin/ld
configure:4800: checking if the linker (/Library/Developer/CommandLineTools/usr/bin/ld) is GNU ld
configure:4815: result: no
configure:4827: checking for BSD- or MS-compatible name lister (nm)
configure:4881: result: /usr/bin/nm -B
configure:5011: checking the name lister (/usr/bin/nm -B) interface
configure:5018: gcc -c -DZMQ_BUILD_DRAFT_API=1 -I/Users/phoenix.logan/.emacs.d/elpa/zmq-20190408.1552/libzmq/build//v4.3.1/include -g -O2  conftest.c >&5
configure:5021: /usr/bin/nm -B "conftest.o"
configure:5024: output
00000000000001e8 S _some_variable
configure:5031: result: BSD nm
configure:5034: checking whether ln -s works
configure:5038: result: yes
configure:5046: checking the maximum length of command line arguments
configure:5177: result: 196608
configure:5225: checking how to convert x86_64-apple-darwin18.2.0 file names to x86_64-apple-darwin18.2.0 format
configure:5265: result: func_convert_file_noop
configure:5272: checking how to convert x86_64-apple-darwin18.2.0 file names to toolchain format
configure:5292: result: func_convert_file_noop
configure:5299: checking for /Library/Developer/CommandLineTools/usr/bin/ld option to reload object files
configure:5306: result: -r
configure:5380: checking for objdump
configure:5396: found /usr/bin/objdump
configure:5407: result: objdump
configure:5436: checking how to recognize dependent libraries
configure:5636: result: pass_all
configure:5721: checking for dlltool
configure:5751: result: no
configure:5778: checking how to associate runtime and link libraries
configure:5805: result: printf %s\n
configure:5929: checking for archiver @FILE support
configure:5946: gcc -c -DZMQ_BUILD_DRAFT_API=1 -I/Users/phoenix.logan/.emacs.d/elpa/zmq-20190408.1552/libzmq/build//v4.3.1/include -g -O2  conftest.c >&5
configure:5946: $? = 0
configure:5949: ar cru libconftest.a @conftest.lst >&5
ar: @conftest.lst: No such file or directory
configure:5952: $? = 1
configure:5972: result: no
configure:6030: checking for strip
configure:6046: found /usr/bin/strip
configure:6057: result: strip
configure:6129: checking for ranlib
configure:6145: found /usr/bin/ranlib
configure:6156: result: ranlib
configure:6258: checking command to parse /usr/bin/nm -B output from gcc object
configure:6411: gcc -c -DZMQ_BUILD_DRAFT_API=1 -I/Users/phoenix.logan/.emacs.d/elpa/zmq-20190408.1552/libzmq/build//v4.3.1/include -g -O2  conftest.c >&5
configure:6414: $? = 0
configure:6418: /usr/bin/nm -B conftest.o \| sed -n -e 's/^.*[ ]\([BCDEGRST][BCDEGRST]*\)[ ][ ]*\([_A-Za-z][_A-Za-z0-9]*\)$/\1 \2 \2/p' | sed '/ __gnu_lto/d' \> conftest.nm
configure:6421: $? = 0
cannot find nm_test_var in conftest.nm
configure:6411: gcc -c -DZMQ_BUILD_DRAFT_API=1 -I/Users/phoenix.logan/.emacs.d/elpa/zmq-20190408.1552/libzmq/build//v4.3.1/include -g -O2  conftest.c >&5
configure:6414: $? = 0
configure:6418: /usr/bin/nm -B conftest.o \| sed -n -e 's/^.*[ ]\([BCDEGRST][BCDEGRST]*\)[ ][ ]*_\([_A-Za-z][_A-Za-z0-9]*\)$/\1 _\2 \2/p' | sed '/ __gnu_lto/d' \> conftest.nm
configure:6421: $? = 0
configure:6487: gcc -o conftest -DZMQ_BUILD_DRAFT_API=1 -I/Users/phoenix.logan/.emacs.d/elpa/zmq-20190408.1552/libzmq/build//v4.3.1/include -g -O2  -L/Users/phoenix.logan/.emacs.d/elpa/zmq-20190408.1552/libzmq/build//v4.3.1/lib -lzmq  conftest.c conftstm.o >&5
warning: (x86_64)  could not find object file symbol for symbol _main
configure:6490: $? = 0
configure:6528: result: ok
configure:6575: checking for sysroot
configure:6605: result: no
configure:6612: checking for a working dd
configure:6650: result: /Users/phoenix.logan/anaconda3/bin/dd
configure:6654: checking how to truncate binary pipes
configure:6669: result: /Users/phoenix.logan/anaconda3/bin/dd bs=4096 count=1
configure:6998: checking for mt
configure:7028: result: no
configure:7048: checking if : is a manifest tool
configure:7054: : '-?'
configure:7062: result: no
configure:7118: checking for dsymutil
configure:7134: found /usr/bin/dsymutil
configure:7145: result: dsymutil
configure:7210: checking for nmedit
configure:7226: found /usr/bin/nmedit
configure:7237: result: nmedit
configure:7302: checking for lipo
configure:7318: found /usr/bin/lipo
configure:7329: result: lipo
configure:7394: checking for otool
configure:7410: found /usr/bin/otool
configure:7421: result: otool
configure:7486: checking for otool64
configure:7516: result: no
configure:7561: checking for -single_module linker flag
gcc -DZMQ_BUILD_DRAFT_API=1 -I/Users/phoenix.logan/.emacs.d/elpa/zmq-20190408.1552/libzmq/build//v4.3.1/include -g -O2 -L/Users/phoenix.logan/.emacs.d/elpa/zmq-20190408.1552/libzmq/build//v4.3.1/lib -lzmq  -o libconftest.dylib -dynamiclib -Wl,-single_module conftest.c
configure:7594: result: yes
configure:7597: checking for -exported_symbols_list linker flag
configure:7617: gcc -o conftest -DZMQ_BUILD_DRAFT_API=1 -I/Users/phoenix.logan/.emacs.d/elpa/zmq-20190408.1552/libzmq/build//v4.3.1/include -g -O2  -L/Users/phoenix.logan/.emacs.d/elpa/zmq-20190408.1552/libzmq/build//v4.3.1/lib -lzmq  -Wl,-exported_symbols_list,conftest.sym conftest.c  >&5
configure:7617: $? = 0
configure:7627: result: yes
configure:7630: checking for -force_load linker flag
gcc -DZMQ_BUILD_DRAFT_API=1 -I/Users/phoenix.logan/.emacs.d/elpa/zmq-20190408.1552/libzmq/build//v4.3.1/include -g -O2 -c -o conftest.o conftest.c
ar cru libconftest.a conftest.o
ranlib libconftest.a
gcc -DZMQ_BUILD_DRAFT_API=1 -I/Users/phoenix.logan/.emacs.d/elpa/zmq-20190408.1552/libzmq/build//v4.3.1/include -g -O2 -L/Users/phoenix.logan/.emacs.d/elpa/zmq-20190408.1552/libzmq/build//v4.3.1/lib -lzmq  -o conftest conftest.c -Wl,-force_load,./libconftest.a
configure:7662: result: yes
configure:7739: checking how to run the C preprocessor
configure:7770: gcc -E  conftest.c
configure:7770: $? = 0
configure:7784: gcc -E  conftest.c
conftest.c:12:10: fatal error: 'ac_nonexistent.h' file not found
#include <ac_nonexistent.h>
         ^~~~~~~~~~~~~~~~~~
1 error generated.
configure:7784: $? = 1
configure: failed program was:
| /* confdefs.h */
| #define PACKAGE_NAME "emacs-zmq"
| #define PACKAGE_TARNAME "emacs-zmq"
| #define PACKAGE_VERSION "0.1"
| #define PACKAGE_STRING "emacs-zmq 0.1"
| #define PACKAGE_BUGREPORT "nathanielnicandro@gmail.com"
| #define PACKAGE_URL ""
| #define PACKAGE "emacs-zmq"
| #define VERSION "0.1"
| #define ZMQ_BUILD_DRAFT_API 1
| /* end confdefs.h.  */
| #include <ac_nonexistent.h>
configure:7809: result: gcc -E
configure:7829: gcc -E  conftest.c
configure:7829: $? = 0
configure:7843: gcc -E  conftest.c
conftest.c:12:10: fatal error: 'ac_nonexistent.h' file not found
#include <ac_nonexistent.h>
         ^~~~~~~~~~~~~~~~~~
1 error generated.
configure:7843: $? = 1
configure: failed program was:
| /* confdefs.h */
| #define PACKAGE_NAME "emacs-zmq"
| #define PACKAGE_TARNAME "emacs-zmq"
| #define PACKAGE_VERSION "0.1"
| #define PACKAGE_STRING "emacs-zmq 0.1"
| #define PACKAGE_BUGREPORT "nathanielnicandro@gmail.com"
| #define PACKAGE_URL ""
| #define PACKAGE "emacs-zmq"
| #define VERSION "0.1"
| #define ZMQ_BUILD_DRAFT_API 1
| /* end confdefs.h.  */
| #include <ac_nonexistent.h>
configure:7872: checking for ANSI C header files
configure:7892: gcc -c -DZMQ_BUILD_DRAFT_API=1 -I/Users/phoenix.logan/.emacs.d/elpa/zmq-20190408.1552/libzmq/build//v4.3.1/include -g -O2  conftest.c >&5
configure:7892: $? = 0
configure:7965: gcc -o conftest -DZMQ_BUILD_DRAFT_API=1 -I/Users/phoenix.logan/.emacs.d/elpa/zmq-20190408.1552/libzmq/build//v4.3.1/include -g -O2  -L/Users/phoenix.logan/.emacs.d/elpa/zmq-20190408.1552/libzmq/build//v4.3.1/lib -lzmq  conftest.c  >&5
configure:7965: $? = 0
configure:7965: ./conftest
configure:7965: $? = 0
configure:7976: result: yes
configure:7989: checking for sys/types.h
configure:7989: gcc -c -DZMQ_BUILD_DRAFT_API=1 -I/Users/phoenix.logan/.emacs.d/elpa/zmq-20190408.1552/libzmq/build//v4.3.1/include -g -O2  conftest.c >&5
configure:7989: $? = 0
configure:7989: result: yes
configure:7989: checking for sys/stat.h
configure:7989: gcc -c -DZMQ_BUILD_DRAFT_API=1 -I/Users/phoenix.logan/.emacs.d/elpa/zmq-20190408.1552/libzmq/build//v4.3.1/include -g -O2  conftest.c >&5
configure:7989: $? = 0
configure:7989: result: yes
configure:7989: checking for stdlib.h
configure:7989: gcc -c -DZMQ_BUILD_DRAFT_API=1 -I/Users/phoenix.logan/.emacs.d/elpa/zmq-20190408.1552/libzmq/build//v4.3.1/include -g -O2  conftest.c >&5
configure:7989: $? = 0
configure:7989: result: yes
configure:7989: checking for string.h
configure:7989: gcc -c -DZMQ_BUILD_DRAFT_API=1 -I/Users/phoenix.logan/.emacs.d/elpa/zmq-20190408.1552/libzmq/build//v4.3.1/include -g -O2  conftest.c >&5
configure:7989: $? = 0
configure:7989: result: yes
configure:7989: checking for memory.h
configure:7989: gcc -c -DZMQ_BUILD_DRAFT_API=1 -I/Users/phoenix.logan/.emacs.d/elpa/zmq-20190408.1552/libzmq/build//v4.3.1/include -g -O2  conftest.c >&5
configure:7989: $? = 0
configure:7989: result: yes
configure:7989: checking for strings.h
configure:7989: gcc -c -DZMQ_BUILD_DRAFT_API=1 -I/Users/phoenix.logan/.emacs.d/elpa/zmq-20190408.1552/libzmq/build//v4.3.1/include -g -O2  conftest.c >&5
configure:7989: $? = 0
configure:7989: result: yes
configure:7989: checking for inttypes.h
configure:7989: gcc -c -DZMQ_BUILD_DRAFT_API=1 -I/Users/phoenix.logan/.emacs.d/elpa/zmq-20190408.1552/libzmq/build//v4.3.1/include -g -O2  conftest.c >&5
configure:7989: $? = 0
configure:7989: result: yes
configure:7989: checking for stdint.h
configure:7989: gcc -c -DZMQ_BUILD_DRAFT_API=1 -I/Users/phoenix.logan/.emacs.d/elpa/zmq-20190408.1552/libzmq/build//v4.3.1/include -g -O2  conftest.c >&5
configure:7989: $? = 0
configure:7989: result: yes
configure:7989: checking for unistd.h
configure:7989: gcc -c -DZMQ_BUILD_DRAFT_API=1 -I/Users/phoenix.logan/.emacs.d/elpa/zmq-20190408.1552/libzmq/build//v4.3.1/include -g -O2  conftest.c >&5
configure:7989: $? = 0
configure:7989: result: yes
configure:8003: checking for dlfcn.h
configure:8003: gcc -c -DZMQ_BUILD_DRAFT_API=1 -I/Users/phoenix.logan/.emacs.d/elpa/zmq-20190408.1552/libzmq/build//v4.3.1/include -g -O2  conftest.c >&5
configure:8003: $? = 0
configure:8003: result: yes
configure:8555: checking for objdir
configure:8570: result: .libs
configure:8834: checking if gcc supports -fno-rtti -fno-exceptions
configure:8852: gcc -c -DZMQ_BUILD_DRAFT_API=1 -I/Users/phoenix.logan/.emacs.d/elpa/zmq-20190408.1552/libzmq/build//v4.3.1/include -g -O2  -fno-rtti -fno-exceptions conftest.c >&5
configure:8856: $? = 0
configure:8869: result: yes
configure:9227: checking for gcc option to produce PIC
configure:9234: result: -fno-common -DPIC
configure:9242: checking if gcc PIC flag -fno-common -DPIC works
configure:9260: gcc -c -DZMQ_BUILD_DRAFT_API=1 -I/Users/phoenix.logan/.emacs.d/elpa/zmq-20190408.1552/libzmq/build//v4.3.1/include -g -O2  -fno-common -DPIC -DPIC conftest.c >&5
configure:9264: $? = 0
configure:9277: result: yes
configure:9306: checking if gcc static flag -static works
configure:9334: result: no
configure:9349: checking if gcc supports -c -o file.o
configure:9370: gcc -c -DZMQ_BUILD_DRAFT_API=1 -I/Users/phoenix.logan/.emacs.d/elpa/zmq-20190408.1552/libzmq/build//v4.3.1/include -g -O2  -o out/conftest2.o conftest.c >&5
configure:9374: $? = 0
configure:9396: result: yes
configure:9404: checking if gcc supports -c -o file.o
configure:9451: result: yes
configure:9484: checking whether the gcc linker (/Library/Developer/CommandLineTools/usr/bin/ld) supports shared libraries
configure:10743: result: yes
configure:10983: checking dynamic linker characteristics
configure:11801: result: darwin18.2.0 dyld
configure:11923: checking how to hardcode library paths into programs
configure:11948: result: immediate
configure:12496: checking whether stripping libraries is possible
configure:12510: result: yes
configure:12536: checking if libtool supports shared libraries
configure:12538: result: yes
configure:12541: checking whether to build shared libraries
configure:12566: result: yes
configure:12569: checking whether to build static libraries
configure:12573: result: no
configure:12759: checking that generated files are newer than configure
configure:12765: result: done
configure:12788: creating ./config.status

## ---------------------- ##
## Running config.status. ##
## ---------------------- ##

This file was extended by emacs-zmq config.status 0.1, which was
generated by GNU Autoconf 2.69.  Invocation command line was

  CONFIG_FILES    = 
  CONFIG_HEADERS  = 
  CONFIG_LINKS    = 
  CONFIG_COMMANDS = 
  $ ./config.status 

on logan-mbp.local

config.status:1011: creating Makefile
config.status:1183: executing depfiles commands
config.status:1183: executing libtool commands

## ---------------- ##
## Cache variables. ##
## ---------------- ##

ac_cv_build=x86_64-apple-darwin18.2.0
ac_cv_c_compiler_gnu=yes
ac_cv_env_CC_set=
ac_cv_env_CC_value=
ac_cv_env_CFLAGS_set=
ac_cv_env_CFLAGS_value=
ac_cv_env_CPPFLAGS_set=
ac_cv_env_CPPFLAGS_value=
ac_cv_env_CPP_set=
ac_cv_env_CPP_value=
ac_cv_env_LDFLAGS_set=
ac_cv_env_LDFLAGS_value=
ac_cv_env_LIBS_set=
ac_cv_env_LIBS_value=
ac_cv_env_LT_SYS_LIBRARY_PATH_set=
ac_cv_env_LT_SYS_LIBRARY_PATH_value=
ac_cv_env_PKG_CONFIG_LIBDIR_set=
ac_cv_env_PKG_CONFIG_LIBDIR_value=
ac_cv_env_PKG_CONFIG_PATH_set=set
ac_cv_env_PKG_CONFIG_PATH_value=/Users/phoenix.logan/.emacs.d/elpa/zmq-20190408.1552/libzmq/build//v4.3.1/pkgconfig:
ac_cv_env_PKG_CONFIG_set=
ac_cv_env_PKG_CONFIG_value=
ac_cv_env_ZMQ_CFLAGS_set=
ac_cv_env_ZMQ_CFLAGS_value=
ac_cv_env_ZMQ_LIBS_set=
ac_cv_env_ZMQ_LIBS_value=
ac_cv_env_build_alias_set=
ac_cv_env_build_alias_value=
ac_cv_env_host_alias_set=set
ac_cv_env_host_alias_value=
ac_cv_env_target_alias_set=
ac_cv_env_target_alias_value=
ac_cv_header_dlfcn_h=yes
ac_cv_header_inttypes_h=yes
ac_cv_header_memory_h=yes
ac_cv_header_stdc=yes
ac_cv_header_stdint_h=yes
ac_cv_header_stdlib_h=yes
ac_cv_header_string_h=yes
ac_cv_header_strings_h=yes
ac_cv_header_sys_stat_h=yes
ac_cv_header_sys_types_h=yes
ac_cv_header_unistd_h=yes
ac_cv_host=x86_64-apple-darwin18.2.0
ac_cv_objext=o
ac_cv_path_EGREP='/usr/bin/grep -E'
ac_cv_path_FGREP='/usr/bin/grep -F'
ac_cv_path_GREP=/usr/bin/grep
ac_cv_path_SED=/usr/bin/sed
ac_cv_path_ac_pt_PKG_CONFIG=/usr/local/bin/pkg-config
ac_cv_path_install='/Users/phoenix.logan/anaconda3/bin/install -c'
ac_cv_path_lt_DD=/Users/phoenix.logan/anaconda3/bin/dd
ac_cv_path_mkdir=/Users/phoenix.logan/anaconda3/bin/mkdir
ac_cv_prog_AWK=awk
ac_cv_prog_CPP='gcc -E'
ac_cv_prog_ac_ct_AR=ar
ac_cv_prog_ac_ct_CC=gcc
ac_cv_prog_ac_ct_DSYMUTIL=dsymutil
ac_cv_prog_ac_ct_LIPO=lipo
ac_cv_prog_ac_ct_NMEDIT=nmedit
ac_cv_prog_ac_ct_OBJDUMP=objdump
ac_cv_prog_ac_ct_OTOOL=otool
ac_cv_prog_ac_ct_RANLIB=ranlib
ac_cv_prog_ac_ct_STRIP=strip
ac_cv_prog_cc_c89=
ac_cv_prog_cc_g=yes
ac_cv_prog_make_make_set=yes
ac_cv_search_zmq_poller_new='none required'
am_cv_CC_dependencies_compiler_type=gcc3
am_cv_ar_interface=ar
am_cv_make_support_nested_variables=yes
am_cv_prog_cc_c_o=yes
lt_cv_apple_cc_single_mod=yes
lt_cv_ar_at_file=no
lt_cv_deplibs_check_method=pass_all
lt_cv_file_magic_cmd='$MAGIC_CMD'
lt_cv_file_magic_test_file=
lt_cv_ld_exported_symbols_list=yes
lt_cv_ld_force_load=yes
lt_cv_ld_reload_flag=-r
lt_cv_nm_interface='BSD nm'
lt_cv_objdir=.libs
lt_cv_path_LD=/Library/Developer/CommandLineTools/usr/bin/ld
lt_cv_path_NM='/usr/bin/nm -B'
lt_cv_path_mainfest_tool=no
lt_cv_prog_compiler_c_o=yes
lt_cv_prog_compiler_pic='-fno-common -DPIC'
lt_cv_prog_compiler_pic_works=yes
lt_cv_prog_compiler_rtti_exceptions=yes
lt_cv_prog_compiler_static_works=no
lt_cv_prog_gnu_ld=no
lt_cv_sharedlib_from_linklib_cmd='printf %s\n'
lt_cv_sys_global_symbol_pipe='sed -n -e '\''s/^.*[	 ]\([BCDEGRST][BCDEGRST]*\)[	 ][	 ]*_\([_A-Za-z][_A-Za-z0-9]*\)$/\1 _\2 \2/p'\'' | sed '\''/ __gnu_lto/d'\'''
lt_cv_sys_global_symbol_to_c_name_address='sed -n -e '\''s/^: \(.*\) .*$/  {"\1", (void *) 0},/p'\'' -e '\''s/^[BCDEGRST][BCDEGRST]* .* \(.*\)$/  {"\1", (void *) \&\1},/p'\'''
lt_cv_sys_global_symbol_to_c_name_address_lib_prefix='sed -n -e '\''s/^: \(.*\) .*$/  {"\1", (void *) 0},/p'\'' -e '\''s/^[BCDEGRST][BCDEGRST]* .* \(lib.*\)$/  {"\1", (void *) \&\1},/p'\'' -e '\''s/^[BCDEGRST][BCDEGRST]* .* \(.*\)$/  {"lib\1", (void *) \&\1},/p'\'''
lt_cv_sys_global_symbol_to_cdecl='sed -n -e '\''s/^T .* \(.*\)$/extern int \1();/p'\'' -e '\''s/^[BCDEGRST][BCDEGRST]* .* \(.*\)$/extern char \1;/p'\'''
lt_cv_sys_global_symbol_to_import=
lt_cv_sys_max_cmd_len=196608
lt_cv_to_host_file_cmd=func_convert_file_noop
lt_cv_to_tool_file_cmd=func_convert_file_noop
lt_cv_truncate_bin='/Users/phoenix.logan/anaconda3/bin/dd bs=4096 count=1'
pkg_cv_ZMQ_CFLAGS='-DZMQ_BUILD_DRAFT_API=1 -I/Users/phoenix.logan/.emacs.d/elpa/zmq-20190408.1552/libzmq/build//v4.3.1/include'
pkg_cv_ZMQ_LIBS='-L/Users/phoenix.logan/.emacs.d/elpa/zmq-20190408.1552/libzmq/build//v4.3.1/lib -lzmq'

## ----------------- ##
## Output variables. ##
## ----------------- ##

ACLOCAL='${SHELL} /Users/phoenix.logan/.emacs.d/elpa/zmq-20190408.1552/src/missing aclocal-1.15'
AMDEPBACKSLASH='\'
AMDEP_FALSE='#'
AMDEP_TRUE=''
AMTAR='$${TAR-tar}'
AM_BACKSLASH='\'
AM_DEFAULT_V='$(AM_DEFAULT_VERBOSITY)'
AM_DEFAULT_VERBOSITY='1'
AM_V='$(V)'
AR='ar'
AS='as'
AUTOCONF='${SHELL} /Users/phoenix.logan/.emacs.d/elpa/zmq-20190408.1552/src/missing autoconf'
AUTOHEADER='${SHELL} /Users/phoenix.logan/.emacs.d/elpa/zmq-20190408.1552/src/missing autoheader'
AUTOMAKE='${SHELL} /Users/phoenix.logan/.emacs.d/elpa/zmq-20190408.1552/src/missing automake-1.15'
AWK='awk'
CC='gcc'
CCDEPMODE='depmode=gcc3'
CFLAGS='-DZMQ_BUILD_DRAFT_API=1 -I/Users/phoenix.logan/.emacs.d/elpa/zmq-20190408.1552/libzmq/build//v4.3.1/include -g -O2'
CPP='gcc -E'
CPPFLAGS=''
CYGPATH_W='echo'
DEFS='-DPACKAGE_NAME=\"emacs-zmq\" -DPACKAGE_TARNAME=\"emacs-zmq\" -DPACKAGE_VERSION=\"0.1\" -DPACKAGE_STRING=\"emacs-zmq\ 0.1\" -DPACKAGE_BUGREPORT=\"nathanielnicandro@gmail.com\" -DPACKAGE_URL=\"\" -DPACKAGE=\"emacs-zmq\" -DVERSION=\"0.1\" -DZMQ_BUILD_DRAFT_API=1 -DSTDC_HEADERS=1 -DHAVE_SYS_TYPES_H=1 -DHAVE_SYS_STAT_H=1 -DHAVE_STDLIB_H=1 -DHAVE_STRING_H=1 -DHAVE_MEMORY_H=1 -DHAVE_STRINGS_H=1 -DHAVE_INTTYPES_H=1 -DHAVE_STDINT_H=1 -DHAVE_UNISTD_H=1 -DHAVE_DLFCN_H=1 -DLT_OBJDIR=\".libs/\"'
DEPDIR='.deps'
DLLTOOL='false'
DSYMUTIL='dsymutil'
DUMPBIN=''
ECHO_C='\c'
ECHO_N=''
ECHO_T=''
EGREP='/usr/bin/grep -E'
EXEEXT=''
EXTRA_LDFLAGS=''
FGREP='/usr/bin/grep -F'
GREP='/usr/bin/grep'
INSTALL_DATA='${INSTALL} -m 644'
INSTALL_PROGRAM='${INSTALL}'
INSTALL_SCRIPT='${INSTALL}'
INSTALL_STRIP_PROGRAM='$(install_sh) -c -s'
LD='/Library/Developer/CommandLineTools/usr/bin/ld'
LDFLAGS='-L/Users/phoenix.logan/.emacs.d/elpa/zmq-20190408.1552/libzmq/build//v4.3.1/lib -lzmq '
LIBOBJS=''
LIBS=''
LIBTOOL='$(SHELL) $(top_builddir)/libtool'
LIPO='lipo'
LN_S='ln -s'
LTLIBOBJS=''
LT_SYS_LIBRARY_PATH=''
MAKEINFO='${SHELL} /Users/phoenix.logan/.emacs.d/elpa/zmq-20190408.1552/src/missing makeinfo'
MANIFEST_TOOL=':'
MKDIR_P='/Users/phoenix.logan/anaconda3/bin/mkdir -p'
NM='/usr/bin/nm -B'
NMEDIT='nmedit'
OBJDUMP='objdump'
OBJEXT='o'
OTOOL64=':'
OTOOL='otool'
PACKAGE='emacs-zmq'
PACKAGE_BUGREPORT='nathanielnicandro@gmail.com'
PACKAGE_NAME='emacs-zmq'
PACKAGE_STRING='emacs-zmq 0.1'
PACKAGE_TARNAME='emacs-zmq'
PACKAGE_URL=''
PACKAGE_VERSION='0.1'
PATH_SEPARATOR=':'
PKG_CONFIG='/usr/local/bin/pkg-config'
PKG_CONFIG_LIBDIR=''
PKG_CONFIG_PATH='/Users/phoenix.logan/.emacs.d/elpa/zmq-20190408.1552/libzmq/build//v4.3.1/pkgconfig:'
RANLIB='ranlib'
SED='/usr/bin/sed'
SET_MAKE=''
SHELL='/bin/sh'
STRIP='strip'
VERSION='0.1'
ZMQ_CFLAGS='-DZMQ_BUILD_DRAFT_API=1 -I/Users/phoenix.logan/.emacs.d/elpa/zmq-20190408.1552/libzmq/build//v4.3.1/include'
ZMQ_LIBS='-L/Users/phoenix.logan/.emacs.d/elpa/zmq-20190408.1552/libzmq/build//v4.3.1/lib -lzmq'
ac_ct_AR='ar'
ac_ct_CC='gcc'
ac_ct_DUMPBIN=''
am__EXEEXT_FALSE=''
am__EXEEXT_TRUE='#'
am__fastdepCC_FALSE='#'
am__fastdepCC_TRUE=''
am__include='include'
am__isrc=''
am__leading_dot='.'
am__nodep='_no'
am__quote=''
am__tar='$${TAR-tar} chof - "$$tardir"'
am__untar='$${TAR-tar} xf -'
bindir='${exec_prefix}/bin'
build='x86_64-apple-darwin18.2.0'
build_alias=''
build_cpu='x86_64'
build_os='darwin18.2.0'
build_vendor='apple'
datadir='${datarootdir}'
datarootdir='${prefix}/share'
docdir='${datarootdir}/doc/${PACKAGE_TARNAME}'
dvidir='${docdir}'
exec_prefix='${prefix}'
host='x86_64-apple-darwin18.2.0'
host_alias=''
host_cpu='x86_64'
host_os='darwin18.2.0'
host_vendor='apple'
htmldir='${docdir}'
includedir='${prefix}/include'
infodir='${datarootdir}/info'
install_sh='${SHELL} /Users/phoenix.logan/.emacs.d/elpa/zmq-20190408.1552/src/install-sh'
libdir='/Users/phoenix.logan/.emacs.d/elpa/zmq-20190408.1552'
libexecdir='${exec_prefix}/libexec'
localedir='${datarootdir}/locale'
localstatedir='${prefix}/var'
mandir='${datarootdir}/man'
mkdir_p='$(MKDIR_P)'
oldincludedir='/usr/include'
pdfdir='${docdir}'
prefix='/usr/local'
program_transform_name='s,x,x,'
psdir='${docdir}'
sbindir='${exec_prefix}/sbin'
sharedstatedir='${prefix}/com'
sysconfdir='${prefix}/etc'
target_alias=''

## ----------- ##
## confdefs.h. ##
## ----------- ##

/* confdefs.h */
#define PACKAGE_NAME "emacs-zmq"
#define PACKAGE_TARNAME "emacs-zmq"
#define PACKAGE_VERSION "0.1"
#define PACKAGE_STRING "emacs-zmq 0.1"
#define PACKAGE_BUGREPORT "nathanielnicandro@gmail.com"
#define PACKAGE_URL ""
#define PACKAGE "emacs-zmq"
#define VERSION "0.1"
#define ZMQ_BUILD_DRAFT_API 1
#define STDC_HEADERS 1
#define HAVE_SYS_TYPES_H 1
#define HAVE_SYS_STAT_H 1
#define HAVE_STDLIB_H 1
#define HAVE_STRING_H 1
#define HAVE_MEMORY_H 1
#define HAVE_STRINGS_H 1
#define HAVE_INTTYPES_H 1
#define HAVE_STDINT_H 1
#define HAVE_UNISTD_H 1
#define HAVE_DLFCN_H 1
#define LT_OBJDIR ".libs/"

configure: exit 0
